[NbConvertApp] Converting notebook /mnt/c/Users/phams/Desktop/E5/BigData/Lab0/BDA_Lab0_Starter_v2.ipynb to html
[NbConvertApp] Writing 292854 bytes to /home/phams/bda-website/BigData/quartz/static/nb/Lab0/BDA_Lab0_Starter_v2.html
[NbConvertApp] Converting notebook /mnt/c/Users/phams/Desktop/E5/BigData/Lab01/lab1-assignement/BDA_Assignment01.ipynb to html
[NbConvertApp] Writing 337972 bytes to /home/phams/bda-website/BigData/quartz/static/nb/Lab01/lab1-assignement/BDA_Assignment01.html
[NbConvertApp] Converting notebook /mnt/c/Users/phams/Desktop/E5/BigData/Lab01/lab1-practice/lab1-practice.ipynb to html
[NbConvertApp] Writing 337994 bytes to /home/phams/bda-website/BigData/quartz/static/nb/Lab01/lab1-practice/lab1-practice.html
[NbConvertApp] Converting notebook /mnt/c/Users/phams/Desktop/E5/BigData/Lab2/assignment/BDA_Assignment02.ipynb to html
[NbConvertApp] Writing 838840 bytes to /home/phams/bda-website/BigData/quartz/static/nb/Lab2/assignment/BDA_Assignment02.html
[NbConvertApp] Converting notebook /mnt/c/Users/phams/Desktop/E5/BigData/Lab2/lab2-practice/lab2-practice.ipynb to html
[NbConvertApp] Writing 766396 bytes to /home/phams/bda-website/BigData/quartz/static/nb/Lab2/lab2-practice/lab2-practice.html
[NbConvertApp] Converting notebook /mnt/c/Users/phams/Desktop/E5/BigData/Lab3/assignment/BDA_Assignment03.ipynb to html
[NbConvertApp] Writing 1467746 bytes to /home/phams/bda-website/BigData/quartz/static/nb/Lab3/assignment/BDA_Assignment03.html
[NbConvertApp] Converting notebook /mnt/c/Users/phams/Desktop/E5/BigData/Lab3/lab3-practice/lab3-practice.ipynb to html
[NbConvertApp] Writing 374939 bytes to /home/phams/bda-website/BigData/quartz/static/nb/Lab3/lab3-practice/lab3-practice.html
[NbConvertApp] Converting notebook /mnt/c/Users/phams/Desktop/E5/BigData/Lab4/assignment/BDA_Assignment04.ipynb to html
[NbConvertApp] Writing 902287 bytes to /home/phams/bda-website/BigData/quartz/static/nb/Lab4/assignment/BDA_Assignment04.html
[NbConvertApp] Converting notebook /mnt/c/Users/phams/Desktop/E5/BigData/Lab4/lab04-practice/lab04-practice.ipynb to html
[NbConvertApp] Writing 446872 bytes to /home/phams/bda-website/BigData/quartz/static/nb/Lab4/lab04-practice/lab04-practice.html
[NbConvertApp] Converting notebook /mnt/c/Users/phams/Desktop/E5/BigData/Project/notebooks/etl_bitcoin_blocks.ipynb to html
[NbConvertApp] Writing 350202 bytes to /home/phams/bda-website/BigData/quartz/static/nb/Project/notebooks/etl_bitcoin_blocks.html
[NbConvertApp] Converting notebook /mnt/c/Users/phams/Desktop/E5/BigData/Project/notebooks/etl_market_price.ipynb to html
[NbConvertApp] Writing 327552 bytes to /home/phams/bda-website/BigData/quartz/static/nb/Project/notebooks/etl_market_price.html
[NbConvertApp] Converting notebook /mnt/c/Users/phams/Desktop/E5/BigData/Project/notebooks/feature_eng.ipynb to html
[NbConvertApp] Writing 463138 bytes to /home/phams/bda-website/BigData/quartz/static/nb/Project/notebooks/feature_eng.html
[NbConvertApp] Converting notebook /mnt/c/Users/phams/Desktop/E5/BigData/Project/notebooks/generate_env.ipynb to html
[NbConvertApp] Writing 282755 bytes to /home/phams/bda-website/BigData/quartz/static/nb/Project/notebooks/generate_env.html
[NbConvertApp] Converting notebook /mnt/c/Users/phams/Desktop/E5/BigData/Project/notebooks/model_training.ipynb to html
[NbConvertApp] Writing 413562 bytes to /home/phams/bda-website/BigData/quartz/static/nb/Project/notebooks/model_training.html
[NbConvertApp] Converting notebook /mnt/c/Users/phams/Desktop/E5/BigData/Project/notebooks/sanity_check_etl_global.ipynb to html
[NbConvertApp] Writing 341710 bytes to /home/phams/bda-website/BigData/quartz/static/nb/Project/notebooks/sanity_check_etl_global.html
[NbConvertApp] Converting notebook /mnt/c/Users/phams/Desktop/E5/BigData/Project/notebooks/sanity_check_kaggle_price.ipynb to html
[NbConvertApp] Writing 277200 bytes to /home/phams/bda-website/BigData/quartz/static/nb/Project/notebooks/sanity_check_kaggle_price.html
